<?xml version="1.0" encoding="UTF-8"?>
<!-- Generated by org.testng.reporters.JUnitXMLReporter -->
<testsuite ignored="0" hostname="Dooby" failures="0" tests="4" name=" Add Customer Test" time="24.264" errors="0" timestamp="2021-04-06T21:08:31 IST">
  <testcase classname="com.dooby.testCases.AddCustomerTest" name="addCustomerTest" time="7.298"/>
  <testcase classname="com.dooby.testCases.AddCustomerTest" name="addCustomerTest" time="2.001">
    <skipped/>
  </testcase> <!-- addCustomerTest -->
  <testcase classname="com.dooby.testCases.AddCustomerTest" name="addCustomerTest" time="7.311"/>
  <testcase classname="com.dooby.testCases.AddCustomerTest" name="addCustomerTest" time="7.305"/>
</testsuite> <!--  Add Customer Test -->
