<?xml version="1.0" encoding="UTF-8"?>
<testsuite xmlns:xsi="http://www.w3.org/2001/XMLSchema-instance" xsi:noNamespaceSchemaLocation="https://maven.apache.org/surefire/maven-surefire-plugin/xsd/surefire-test-report-3.0.xsd" version="3.0" name="TestSuite" time="57.133" tests="6" errors="0" skipped="2" failures="0">
  <properties>
[...]
</properties>
  <testcase name="bankManagerLoginTest" classname="com.dooby.testCases.BankManagerLoginTest" time="7.067">
    <system-out><![CDATA[inside try catche

]]></system-out>
    <system-err><![CDATA[Starting ChromeDriver 89.0.4389.23 (61b08ee2c50024bab004e48d2b1b083cdbdac579-refs/branch-heads/4389@{#294}) on port 27919
Only local connections are allowed.
Please see https://chromedriver.chromium.org/security-considerations for suggestions on keeping ChromeDriver safe.
ChromeDriver was started successfully.
Apr 06, 2021 6:33:22 PM org.openqa.selenium.remote.ProtocolHandshake createSession
INFO: Detected dialect: W3C
]]></system-err>
  </testcase>
  <testcase name="addCustomerTest[{Postcode=221002.0, Fname=Pooja, runmode=Y, Lastname=Dubey, AlertText=Customer added successfully}](1)" classname="com.dooby.testCases.AddCustomerTest" time="7.838">
    <system-out><![CDATA[DEBUG: JavaMail version 1.4.7
DEBUG: successfully loaded resource: /META-INF/javamail.default.providers
DEBUG: Tables of loaded providers
DEBUG: Providers Listed By Class Name: {com.sun.mail.smtp.SMTPSSLTransport=javax.mail.Provider[TRANSPORT,smtps,com.sun.mail.smtp.SMTPSSLTransport,Oracle], com.sun.mail.smtp.SMTPTransport=javax.mail.Provider[TRANSPORT,smtp,com.sun.mail.smtp.SMTPTransport,Oracle], com.sun.mail.imap.IMAPSSLStore=javax.mail.Provider[STORE,imaps,com.sun.mail.imap.IMAPSSLStore,Oracle], com.sun.mail.pop3.POP3SSLStore=javax.mail.Provider[STORE,pop3s,com.sun.mail.pop3.POP3SSLStore,Oracle], com.sun.mail.imap.IMAPStore=javax.mail.Provider[STORE,imap,com.sun.mail.imap.IMAPStore,Oracle], com.sun.mail.pop3.POP3Store=javax.mail.Provider[STORE,pop3,com.sun.mail.pop3.POP3Store,Oracle]}
DEBUG: Providers Listed By Protocol: {imaps=javax.mail.Provider[STORE,imaps,com.sun.mail.imap.IMAPSSLStore,Oracle], imap=javax.mail.Provider[STORE,imap,com.sun.mail.imap.IMAPStore,Oracle], smtps=javax.mail.Provider[TRANSPORT,smtps,com.sun.mail.smtp.SMTPSSLTransport,Oracle], pop3=javax.mail.Provider[STORE,pop3,com.sun.mail.pop3.POP3Store,Oracle], pop3s=javax.mail.Provider[STORE,pop3s,com.sun.mail.pop3.POP3SSLStore,Oracle], smtp=javax.mail.Provider[TRANSPORT,smtp,com.sun.mail.smtp.SMTPTransport,Oracle]}
DEBUG: successfully loaded resource: /META-INF/javamail.default.address.map
Sucessfully Sent mail to All Users
addCustomerTest  5  5
In Tets Utility to check data ::::: {Postcode=221002.0, Fname=Pooja, runmode=Y, Lastname=Dubey, AlertText=Customer added successfully}
Getting hashData from HashTable ::::: Y : Pooja : Dubey : 221002.0 : Customer added successfully
]]></system-out>
  </testcase>
  <testcase name="addCustomerTest[{Postcode=221003.0, Fname=Pooja2, runmode=N, Lastname=Dubey, AlertText=Customer added successfully}](2)" classname="com.dooby.testCases.AddCustomerTest" time="0">
    <skipped message="Skipping the test case as the Run mode for data set is NO !!!"/>
    <system-out><![CDATA[Getting hashData from HashTable ::::: N : Pooja2 : Dubey : 221003.0 : Customer added successfully
]]></system-out>
  </testcase>
  <testcase name="addCustomerTest[{Postcode=221004.0, Fname=Pooja3, runmode=Y, Lastname=Dubey, AlertText=Customer added successfully}](3)" classname="com.dooby.testCases.AddCustomerTest" time="7.579">
    <system-out><![CDATA[Getting hashData from HashTable ::::: Y : Pooja3 : Dubey : 221004.0 : Customer added successfully
]]></system-out>
  </testcase>
  <testcase name="addCustomerTest[{Postcode=221005.0, Fname=Pooja4, runmode=Y, Lastname=Dubey, AlertText=Customer added successfully}](4)" classname="com.dooby.testCases.AddCustomerTest" time="7.597">
    <system-out><![CDATA[Getting hashData from HashTable ::::: Y : Pooja4 : Dubey : 221005.0 : Customer added successfully
]]></system-out>
  </testcase>
  <testcase name="openAccountTest[{Currency=Pound, Customer=Pooja Dubey}](1)" classname="com.dooby.testCases.OpenAccountTest" time="0">
    <skipped message="Skipping the Test Case openAccountTest As the run mode is NO"/>
    <system-out><![CDATA[Sucessfully Sent mail to All Users
openAccountTest  2  2
In Tets Utility to check data ::::: {Currency=Pound, Customer=Pooja Dubey}
]]></system-out>
  </testcase>
</testsuite>